
OpenSBI v0.4 (Jul  2 2019 11:53:53)
   ____                    _____ ____ _____
  / __ \                  / ____|  _ \_   _|
 | |  | |_ __   ___ _ __ | (___ | |_) || |
 | |  | | '_ \ / _ \ '_ \ \___ \|  _ < | |
 | |__| | |_) |  __/ | | |____) | |_) || |_
  \____/| .__/ \___|_| |_|_____/|____/_____|
        | |
        |_|

Platform Name          : QEMU Virt Machine
Platform HART Features : RV64ACDFIMSU
Platform Max HARTs     : 8
Current Hart           : 0
Firmware Base          : 0x80000000
Firmware Size          : 112 KB
Runtime SBI Version    : 0.1

PMP0: 0x0000000080000000-0x000000008001ffff (A)
PMP1: 0x0000000000000000-0xffffffffffffffff (A,R,W,X)
(THU.CST) os is loading ...
Special kernel symbols:
  entry  0xffffffffc0200036 (virtual)
  etext  0xffffffffc0201de8 (virtual)
  edata  0xffffffffc0206028 (virtual)
  end    0xffffffffc0206580 (virtual)
Kernel executable memory footprint: 26KB
memory management: best_fit_pmm_manager
physcial memory map:
  memory: 0x0000000007e00000, [0x0000000080200000, 0x0000000087ffffff].
check_alloc_page() succeeded!
satp virtual address: 0xffffffffc0205000
satp physical address: 0x0000000080205000
++ setup timer interrupts
slub_init() succeeded!
slub check begin
slobfree len: 0
slobfree len: 1
slobfree len: 1
slobfree len: 2
slobfree len: 1
slub check end
100 ticks
100 ticks
100 ticks
100 ticks
100 ticks
100 ticks
100 ticks
100 ticks
100 ticks
100 ticks
100 ticks
100 ticks
100 ticks
100 ticks
100 ticks
100 ticks
100 ticks
100 ticks
100 ticks
100 ticks
100 ticks
100 ticks
100 ticks
100 ticks
100 ticks
100 ticks
100 ticks
100 ticks
